Watching for file changes with StatReloader
Not Found: /home/
"GET /home/ HTTP/1.0" 404 3337
"GET /home HTTP/1.0" 200 273
"GET / HTTP/1.0" 200 23927
"GET /home HTTP/1.0" 200 273
/usr/src/app/hello_django/urls.py changed, reloading.
Watching for file changes with StatReloader
"GET /home HTTP/1.0" 301 0
"GET /home/ HTTP/1.0" 200 273
"GET /connexion_42/? HTTP/1.0" 302 0
"GET /home HTTP/1.0" 301 0
"GET /home/ HTTP/1.0" 200 273
"GET /connexion_42/? HTTP/1.0" 302 0
"GET /redirection_apres_authentification?code=ece251440ac3bc5b76563c5460515aa603ab76911843c44545128743e0e0549d HTTP/1.0" 301 0
"GET /redirection_apres_authentification/?code=ece251440ac3bc5b76563c5460515aa603ab76911843c44545128743e0e0549d HTTP/1.0" 302 0
"GET /exchange_code_for_access_token/ece251440ac3bc5b76563c5460515aa603ab76911843c44545128743e0e0549d/ HTTP/1.0" 302 0
"GET /home/ HTTP/1.0" 200 273
"GET /connexion_42/? HTTP/1.0" 302 0
"GET /redirection_apres_authentification?code=3851ccc38951d6f0e720ec10dc5975b7d4b2b17d11c64aa2771769d45f0eeb31 HTTP/1.0" 301 0
"GET /redirection_apres_authentification/?code=3851ccc38951d6f0e720ec10dc5975b7d4b2b17d11c64aa2771769d45f0eeb31 HTTP/1.0" 302 0
"GET /exchange_code_for_access_token/3851ccc38951d6f0e720ec10dc5975b7d4b2b17d11c64aa2771769d45f0eeb31/ HTTP/1.0" 302 0
"GET /home/ HTTP/1.0" 200 273
"GET /users/ HTTP/1.0" 200 1507
"POST / HTTP/1.0" 302 0
"GET / HTTP/1.0" 200 23927
"GET /users/ HTTP/1.0" 200 2344
"GET /users/ HTTP/1.0" 200 559
"POST / HTTP/1.0" 302 0
"GET / HTTP/1.0" 200 23927
"GET /users/ HTTP/1.0" 200 1399
"GET /connexion_42/? HTTP/1.0" 302 0
"GET /redirection_apres_authentification?code=7f9aa916df402dc4802c8ad44c487b27d8367aefe6d5f0d8a82a8e2710d9aa48 HTTP/1.0" 301 0
"GET /redirection_apres_authentification/?code=7f9aa916df402dc4802c8ad44c487b27d8367aefe6d5f0d8a82a8e2710d9aa48 HTTP/1.0" 302 0
"GET /exchange_code_for_access_token/7f9aa916df402dc4802c8ad44c487b27d8367aefe6d5f0d8a82a8e2710d9aa48/ HTTP/1.0" 302 0
"GET /home/ HTTP/1.0" 200 273
"GET /users/ HTTP/1.0" 200 2347
/usr/src/app/hello_django/views.py changed, reloading.
Watching for file changes with StatReloader
/usr/src/app/hello_django/views.py changed, reloading.
Watching for file changes with StatReloader
"GET /connexion_42/? HTTP/1.0" 302 0
"GET /redirection_apres_authentification?code=4f4de4a73aefc587bb5d863d32b178233d1d837d2d3d5dbec2cc6e497ae47180 HTTP/1.0" 301 0
"GET /redirection_apres_authentification/?code=4f4de4a73aefc587bb5d863d32b178233d1d837d2d3d5dbec2cc6e497ae47180 HTTP/1.0" 302 0
"GET /exchange_code_for_access_token/4f4de4a73aefc587bb5d863d32b178233d1d837d2d3d5dbec2cc6e497ae47180/ HTTP/1.0" 302 0
"GET /home/ HTTP/1.0" 200 273
"GET /users/ HTTP/1.0" 200 2347
"GET /connexion_42/? HTTP/1.0" 302 0
"GET /redirection_apres_authentification?code=3be0e0f6dde58840ea2eb7bbd50ee2b3b77342dfffbed99b092abb2c6691dbc5 HTTP/1.0" 301 0
"GET /redirection_apres_authentification/?code=3be0e0f6dde58840ea2eb7bbd50ee2b3b77342dfffbed99b092abb2c6691dbc5 HTTP/1.0" 302 0
"GET /exchange_code_for_access_token/3be0e0f6dde58840ea2eb7bbd50ee2b3b77342dfffbed99b092abb2c6691dbc5/ HTTP/1.0" 302 0
"GET /home/ HTTP/1.0" 200 273
"GET /users/ HTTP/1.0" 200 1507
/usr/src/app/hello_django/views.py changed, reloading.
Watching for file changes with StatReloader
/usr/src/app/hello_django/views.py changed, reloading.
Watching for file changes with StatReloader
"GET /connexion_42/? HTTP/1.0" 302 0
"GET /redirection_apres_authentification?code=b5c59719d3e33ca57844fedec69597ce69d449f0730b8df17c64e22dd57529ea HTTP/1.0" 301 0
"GET /redirection_apres_authentification/?code=b5c59719d3e33ca57844fedec69597ce69d449f0730b8df17c64e22dd57529ea HTTP/1.0" 302 0
"GET /exchange_code_for_access_token/b5c59719d3e33ca57844fedec69597ce69d449f0730b8df17c64e22dd57529ea/ HTTP/1.0" 302 0
"GET /home/ HTTP/1.0" 200 273
/usr/src/app/hello_django/views.py changed, reloading.
Watching for file changes with StatReloader
"GET /home/ HTTP/1.0" 200 273
"GET /connexion_42/? HTTP/1.0" 302 0
"GET /redirection_apres_authentification?code=b89c27ebb02e709d455cdcd30cc506483eb72eb4bff161273e0d96609b7c105c HTTP/1.0" 301 0
"GET /redirection_apres_authentification/?code=b89c27ebb02e709d455cdcd30cc506483eb72eb4bff161273e0d96609b7c105c HTTP/1.0" 302 0
"GET /exchange_code_for_access_token/b89c27ebb02e709d455cdcd30cc506483eb72eb4bff161273e0d96609b7c105c/ HTTP/1.0" 302 0
"GET /home/ HTTP/1.0" 200 273
/usr/src/app/hello_django/views.py changed, reloading.
Watching for file changes with StatReloader
"GET /connexion_42/? HTTP/1.0" 302 0
"GET /redirection_apres_authentification?code=bbb7019288d8711bebcf6f38de5eff2597f2c1cf5bee16f9ad8a380d57402131 HTTP/1.0" 301 0
"GET /redirection_apres_authentification/?code=bbb7019288d8711bebcf6f38de5eff2597f2c1cf5bee16f9ad8a380d57402131 HTTP/1.0" 302 0
"GET /exchange_code_for_access_token/bbb7019288d8711bebcf6f38de5eff2597f2c1cf5bee16f9ad8a380d57402131/ HTTP/1.0" 302 0
"GET /home/ HTTP/1.0" 200 273
Watching for file changes with StatReloader
Watching for file changes with StatReloader
"GET / HTTP/1.0" 200 23927
"GET /home/ HTTP/1.0" 200 273
"GET /connexion_42/? HTTP/1.0" 302 0
"GET /users/ HTTP/1.0" 200 559
"POST / HTTP/1.0" 302 0
"GET / HTTP/1.0" 200 23927
"GET /users/ HTTP/1.0" 200 1375
